10:45:39 **** Build of configuration Debug for project ARM_TESTING ****
make -j12 all 
arm-none-eabi-gcc -mcpu=cortex-m3 -g3 -c -x assembler-with-cpp -MMD -MP -MF"Startup/startup_stm32f103c8tx.d" -MT"Startup/startup_stm32f103c8tx.o" --specs=nano.specs -mfloat-abi=soft -mthumb -o "Startup/startup_stm32f103c8tx.o" "../Startup/startup_stm32f103c8tx.s"
arm-none-eabi-gcc -o "ARM_TESTING.elf" @"objects.list"   -mcpu=cortex-m3 -T"F:\All emportant studies\NTI-embedded\ARM\NTI\MY workspace\ARM_TESTING\STM32F103C8TX_FLASH.ld" --specs=nosys.specs -Wl,-Map="ARM_TESTING.map" -Wl,--gc-sections -static --specs=nano.specs -mfloat-abi=soft -mthumb -Wl,--start-group -lc -lm -Wl,--end-group
e:\st\stm32cubeide_1.6.1\stm32cubeide\plugins\com.st.stm32cube.ide.mcu.externaltools.gnu-tools-for-stm32.9-2020-q2-update.win32_1.5.0.202011040924\tools\arm-none-eabi\bin\ld.exe: Startup/startup_stm32f103c8tx.o: in function `LoopFillZerobss':
F:/All emportant studies/NTI-embedded/ARM/NTI/MY workspace/ARM_TESTING/Debug/../Startup/startup_stm32f103c8tx.s:98: undefined reference to `main'
collect2.exe: error: ld returned 1 exit status
make: *** [makefile:63: ARM_TESTING.elf] Error 1
"make -j12 all" terminated with exit code 2. Build might be incomplete.

10:45:40 Build Failed. 3 errors, 0 warnings. (took 496ms)

